2025-02-05 15:44:45,311 - logger_setup - INFO - Application started
2025-02-05 15:44:45,857 - logger_setup - INFO - Application started
2025-02-05 15:45:01,090 - logger_setup - WARNING - Failed login attempt for user: m
2025-02-05 15:45:50,312 - logger_setup - INFO - User logged in: m
2025-02-05 15:48:12,666 - logger_setup - INFO - Application started
2025-02-05 15:48:25,988 - logger_setup - WARNING - Failed login attempt for user: m
2025-02-05 15:49:03,599 - logger_setup - INFO - Application started
2025-02-05 15:49:13,815 - logger_setup - INFO - Application started
2025-02-05 15:49:18 - logger_setup - INFO - Application started
2025-02-05 15:49:24 - logger_setup - WARNING - Failed login attempt for user: ä
2025-02-05 15:49:55,371 - logger_setup - INFO - Application started
2025-02-05 15:50:03,160 - logger_setup - INFO - Application started
2025-02-05 15:50:08,156 - logger_setup - INFO - Application started
2025-02-05 15:50:30,540 - logger_setup - INFO - Application started
2025-02-05 15:50:32,288 - logger_setup - INFO - Application started
2025-02-05 15:50:35,064 - logger_setup - INFO - Application started
2025-02-05 15:50:41,841 - logger_setup - INFO - Application started
2025-02-05 15:50:44,655 - logger_setup - INFO - Application started
2025-02-05 16:04:31,241 - logger_setup - INFO - Application started
2025-02-05 16:04:31,783 - logger_setup - INFO - Application started
2025-02-05 16:05:21,936 - logger_setup - INFO - Application started
2025-02-05 16:05:21,936 - logger_setup - INFO - Application ended
2025-02-05 16:05:22,458 - logger_setup - INFO - Application started
2025-02-05 16:05:22,458 - logger_setup - INFO - Application ended
2025-04-14 09:48:37,489 - logger_setup - INFO - Application started
2025-04-14 09:48:37,489 - logger_setup - INFO - Application ended
2025-04-14 09:48:38,573 - logger_setup - INFO - Application started
2025-04-14 09:48:38,573 - logger_setup - INFO - Application ended
2025-04-14 09:53:17,520 - logger_setup - INFO - User logged in: m
2025-04-14 09:57:07,367 - logger_setup - INFO - Deposit created by mdsjam337837 for amount 44
2025-04-16 17:02:29,068 - logger_setup - INFO - Application started
2025-04-16 17:02:29,068 - logger_setup - INFO - Application ended
2025-04-16 17:02:29,831 - logger_setup - INFO - Application started
2025-04-16 17:02:29,831 - logger_setup - INFO - Application ended
2025-04-16 17:05:34,642 - logger_setup - INFO - Application started
2025-04-16 17:05:34,643 - logger_setup - INFO - Application ended
2025-04-16 17:05:35,327 - logger_setup - INFO - Application started
2025-04-16 17:05:35,327 - logger_setup - INFO - Application ended
2025-04-16 17:05:35,604 - logger_setup - INFO - Application started
2025-04-16 17:05:35,605 - logger_setup - INFO - Application ended
2025-04-16 17:10:03,026 - logger_setup - INFO - Application started
2025-04-16 17:10:03,027 - logger_setup - INFO - Application ended
2025-04-16 17:10:03,828 - logger_setup - INFO - Application started
2025-04-16 17:10:03,828 - logger_setup - INFO - Application ended
2025-04-17 13:23:33,260 - logger_setup - INFO - Application started
2025-04-17 13:23:33,260 - logger_setup - INFO - Application ended
2025-04-17 13:23:34,441 - logger_setup - INFO - Application started
2025-04-17 13:23:34,441 - logger_setup - INFO - Application ended
2025-04-17 13:23:54,373 - logger_setup - INFO - User logged in: m
2025-04-17 13:46:05,268 - logger_setup - INFO - Application started
2025-04-17 13:46:05,269 - logger_setup - INFO - Application ended
2025-04-17 13:46:06,132 - logger_setup - INFO - Application started
2025-04-17 13:46:06,132 - logger_setup - INFO - Application ended
2025-04-17 13:47:11,054 - logger_setup - INFO - Application started
2025-04-17 13:47:11,055 - logger_setup - INFO - Application ended
2025-04-17 13:47:24,974 - logger_setup - INFO - User logged in: m | Access Token generated
2025-04-17 13:47:34,496 - logger_setup - INFO - User logged in: m | Access Token generated
2025-04-17 13:53:05,779 - logger_setup - INFO - Application started
2025-04-17 13:53:05,780 - logger_setup - INFO - Application ended
2025-04-17 13:54:08,246 - logger_setup - INFO - Application started
2025-04-17 13:54:08,246 - logger_setup - INFO - Application ended
2025-04-17 13:54:09,114 - logger_setup - INFO - Application started
2025-04-17 13:54:09,114 - logger_setup - INFO - Application ended
2025-04-17 13:55:13,403 - logger_setup - INFO - Application started
2025-04-17 13:55:13,404 - logger_setup - INFO - Application ended
2025-04-17 13:55:14,673 - logger_setup - INFO - Application started
2025-04-17 13:55:14,673 - logger_setup - INFO - Application ended
2025-04-17 13:56:01,519 - logger_setup - INFO - Deposit by mdsjam337837 amount 66
2025-04-17 13:56:19,125 - logger_setup - INFO - User logged in: m | Access Token generated
2025-04-17 13:57:24,312 - logger_setup - INFO - Application started
2025-04-17 13:57:24,313 - logger_setup - INFO - Application ended
2025-04-17 13:57:29,463 - logger_setup - INFO - Application started
2025-04-17 13:57:29,463 - logger_setup - INFO - Application ended
2025-04-17 14:00:40,299 - logger_setup - INFO - Application started
2025-04-17 14:00:40,300 - logger_setup - INFO - Application ended
2025-04-17 14:00:41,236 - logger_setup - INFO - Application started
2025-04-17 14:00:41,237 - logger_setup - INFO - Application ended
2025-04-17 14:01:50,397 - logger_setup - INFO - Application started
2025-04-17 14:01:50,397 - logger_setup - INFO - Application ended
2025-04-17 14:02:02,238 - logger_setup - INFO - Application started
2025-04-17 14:02:02,239 - logger_setup - INFO - Application ended
2025-04-17 14:18:29,852 - logger_setup - INFO - Application started
2025-04-17 14:18:29,853 - logger_setup - INFO - Application ended
2025-04-17 14:18:30,780 - logger_setup - INFO - Application started
2025-04-17 14:18:30,781 - logger_setup - INFO - Application ended
2025-04-17 14:21:33,957 - logger_setup - INFO - Application started
2025-04-17 14:21:33,957 - logger_setup - INFO - Application ended
2025-04-17 14:22:59,312 - logger_setup - INFO - Application started
2025-04-17 14:22:59,313 - logger_setup - INFO - Application ended
2025-04-17 14:23:17,245 - logger_setup - INFO - Application started
2025-04-17 14:23:17,245 - logger_setup - INFO - Application ended
2025-04-17 14:26:37,139 - logger_setup - INFO - Application started
2025-04-17 14:26:37,139 - logger_setup - INFO - Application ended
2025-04-17 14:26:46,532 - logger_setup - INFO - Application started
2025-04-17 14:26:46,533 - logger_setup - INFO - Application ended
2025-04-17 14:27:04,267 - logger_setup - INFO - Application started
2025-04-17 14:27:04,267 - logger_setup - INFO - Application ended
2025-04-17 14:27:16,731 - logger_setup - INFO - Application started
2025-04-17 14:27:16,731 - logger_setup - INFO - Application ended
2025-04-17 14:27:27,198 - logger_setup - INFO - Application started
2025-04-17 14:27:27,199 - logger_setup - INFO - Application ended
2025-04-17 14:28:05,676 - logger_setup - INFO - Application started
2025-04-17 14:28:05,676 - logger_setup - INFO - Application ended
2025-04-17 14:28:35,802 - logger_setup - INFO - Application started
2025-04-17 14:28:35,803 - logger_setup - INFO - Application ended
2025-04-17 14:32:08,272 - logger_setup - INFO - Application started
2025-04-17 14:32:08,273 - logger_setup - INFO - Application ended
2025-04-17 14:32:23,186 - logger_setup - INFO - Application started
2025-04-17 14:32:23,186 - logger_setup - INFO - Application ended
2025-04-17 14:32:33,699 - logger_setup - INFO - Application started
2025-04-17 14:32:33,699 - logger_setup - INFO - Application ended
2025-04-17 14:32:36,731 - logger_setup - INFO - Application started
2025-04-17 14:32:36,731 - logger_setup - INFO - Application ended
2025-04-17 14:34:22,820 - logger_setup - INFO - Application started
2025-04-17 14:34:22,820 - logger_setup - INFO - Application ended
2025-04-17 14:34:23,724 - logger_setup - INFO - Application started
2025-04-17 14:34:23,724 - logger_setup - INFO - Application ended
2025-04-17 14:35:14,600 - logger_setup - INFO - Application started
2025-04-17 14:35:14,600 - logger_setup - INFO - Application ended
2025-04-17 14:35:56,717 - logger_setup - INFO - Application started
2025-04-17 14:35:56,719 - logger_setup - INFO - Application ended
2025-04-17 14:35:58,450 - logger_setup - INFO - Application started
2025-04-17 14:35:58,450 - logger_setup - INFO - Application ended
2025-04-20 08:50:09,516 - logger_setup - INFO - Application started
2025-04-20 08:50:09,517 - logger_setup - INFO - Application ended
2025-04-20 08:50:10,444 - logger_setup - INFO - Application started
2025-04-20 08:50:10,444 - logger_setup - INFO - Application ended
2025-04-20 08:51:23,387 - logger_setup - INFO - Application started
2025-04-20 08:51:23,387 - logger_setup - INFO - Application ended
2025-04-20 08:51:25,393 - logger_setup - INFO - Application started
2025-04-20 08:51:25,394 - logger_setup - INFO - Application ended
2025-04-20 08:51:28,460 - logger_setup - INFO - Application started
2025-04-20 08:51:28,460 - logger_setup - INFO - Application ended
2025-04-20 08:51:31,564 - logger_setup - INFO - Application started
2025-04-20 08:51:31,565 - logger_setup - INFO - Application ended
2025-04-20 08:51:33,610 - logger_setup - INFO - Application started
2025-04-20 08:51:33,610 - logger_setup - INFO - Application ended
2025-04-20 08:52:37,838 - logger_setup - INFO - Application started
2025-04-20 08:52:37,838 - logger_setup - INFO - Application ended
2025-04-20 08:52:44,191 - logger_setup - INFO - Application started
2025-04-20 08:52:44,192 - logger_setup - INFO - Application ended
2025-04-20 08:52:59,739 - logger_setup - INFO - Application started
2025-04-20 08:52:59,739 - logger_setup - INFO - Application ended
2025-04-20 08:53:19,782 - logger_setup - INFO - Application started
2025-04-20 08:53:19,782 - logger_setup - INFO - Application ended
2025-04-20 08:54:30,513 - logger_setup - INFO - Application started
2025-04-20 08:54:30,514 - logger_setup - INFO - Application ended
2025-04-20 08:55:39,093 - logger_setup - INFO - Application started
2025-04-20 08:55:39,093 - logger_setup - INFO - Application ended
2025-04-20 08:55:41,264 - logger_setup - INFO - Application started
2025-04-20 08:55:41,264 - logger_setup - INFO - Application ended
2025-04-20 08:59:16,380 - logger_setup - INFO - Application started
2025-04-20 08:59:16,381 - logger_setup - INFO - Application ended
2025-04-20 09:00:00,220 - logger_setup - INFO - Application started
2025-04-20 09:00:00,221 - logger_setup - INFO - Application ended
2025-04-20 09:00:55,695 - logger_setup - INFO - Application started
2025-04-20 09:00:55,695 - logger_setup - INFO - Application ended
2025-04-20 09:01:20,610 - logger_setup - INFO - Application started
2025-04-20 09:01:20,610 - logger_setup - INFO - Application ended
2025-04-20 09:01:24,655 - logger_setup - INFO - Application started
2025-04-20 09:01:24,655 - logger_setup - INFO - Application ended
2025-04-20 09:01:26,795 - logger_setup - INFO - Application started
2025-04-20 09:01:26,796 - logger_setup - INFO - Application ended
2025-04-20 09:01:34,073 - logger_setup - INFO - Application started
2025-04-20 09:01:34,074 - logger_setup - INFO - Application ended
2025-04-20 09:01:38,135 - logger_setup - INFO - Application started
2025-04-20 09:01:38,136 - logger_setup - INFO - Application ended
2025-04-20 09:01:48,578 - logger_setup - INFO - Application started
2025-04-20 09:01:48,578 - logger_setup - INFO - Application ended
2025-04-20 09:01:57,846 - logger_setup - INFO - Application started
2025-04-20 09:01:57,847 - logger_setup - INFO - Application ended
2025-04-20 09:02:00,166 - logger_setup - INFO - Application started
2025-04-20 09:02:00,166 - logger_setup - INFO - Application ended
2025-04-20 09:02:08,535 - logger_setup - INFO - Application started
2025-04-20 09:02:08,535 - logger_setup - INFO - Application ended
2025-04-20 09:02:16,716 - logger_setup - INFO - Application started
2025-04-20 09:02:16,716 - logger_setup - INFO - Application ended
2025-04-20 09:03:14,869 - logger_setup - INFO - Application started
2025-04-20 09:03:14,869 - logger_setup - INFO - Application ended
2025-04-20 09:12:43,323 - logger_setup - INFO - Application started
2025-04-20 09:12:43,324 - logger_setup - INFO - Application ended
2025-04-20 09:15:08,604 - logger_setup - INFO - Application started
2025-04-20 09:15:08,605 - logger_setup - INFO - Application ended
2025-04-20 09:15:11,676 - logger_setup - INFO - Application started
2025-04-20 09:15:11,677 - logger_setup - INFO - Application ended
2025-04-20 09:15:13,920 - logger_setup - INFO - Application started
2025-04-20 09:15:13,920 - logger_setup - INFO - Application ended
2025-04-20 09:15:26,532 - logger_setup - INFO - Application started
2025-04-20 09:15:26,532 - logger_setup - INFO - Application ended
2025-04-20 09:23:19,164 - logger_setup - INFO - Application started
2025-04-20 09:23:19,165 - logger_setup - INFO - Application ended
2025-04-20 09:23:20,226 - logger_setup - INFO - Application started
2025-04-20 09:23:20,226 - logger_setup - INFO - Application ended
2025-04-20 09:23:41,804 - logger_setup - INFO - Application started
2025-04-20 09:23:41,804 - logger_setup - INFO - Application ended
2025-04-20 09:26:27,753 - logger_setup - INFO - Application started
2025-04-20 09:26:27,753 - logger_setup - INFO - Application ended
2025-04-20 09:26:28,563 - logger_setup - INFO - Application started
2025-04-20 09:26:28,563 - logger_setup - INFO - Application ended
2025-04-20 09:26:52,574 - logger_setup - INFO - Application started
2025-04-20 09:26:52,574 - logger_setup - INFO - Application ended
2025-04-20 09:27:16,171 - logger_setup - INFO - Application started
2025-04-20 09:27:16,171 - logger_setup - INFO - Application ended
2025-04-20 09:27:17,502 - logger_setup - INFO - Application started
2025-04-20 09:27:17,503 - logger_setup - INFO - Application ended
2025-04-20 09:28:03,398 - logger_setup - INFO - Application started
2025-04-20 09:28:03,398 - logger_setup - INFO - Application ended
2025-04-20 09:28:03,607 - logger_setup - INFO - Application started
2025-04-20 09:28:03,607 - logger_setup - INFO - Application ended
2025-04-20 09:28:14,976 - logger_setup - INFO - Application started
2025-04-20 09:28:14,976 - logger_setup - INFO - Application ended
2025-04-20 09:28:15,139 - logger_setup - INFO - Application started
2025-04-20 09:28:15,139 - logger_setup - INFO - Application ended
2025-04-20 09:30:37,617 - logger_setup - INFO - Application started
2025-04-20 09:30:37,617 - logger_setup - INFO - Application ended
2025-04-20 09:30:38,771 - logger_setup - INFO - Application started
2025-04-20 09:30:38,772 - logger_setup - INFO - Application ended
2025-04-20 09:34:55,808 - logger_setup - INFO - Application started
2025-04-20 09:34:55,808 - logger_setup - INFO - Application ended
2025-04-20 09:36:37,344 - logger_setup - INFO - Application started
2025-04-20 09:36:37,344 - logger_setup - INFO - Application ended
2025-04-20 09:37:46,005 - logger_setup - INFO - Application started
2025-04-20 09:37:46,005 - logger_setup - INFO - Application ended
2025-04-20 09:38:05,724 - logger_setup - INFO - Application started
2025-04-20 09:38:05,724 - logger_setup - INFO - Application ended
2025-04-20 09:38:16,477 - logger_setup - INFO - Application started
2025-04-20 09:38:16,477 - logger_setup - INFO - Application ended
2025-04-20 09:38:17,314 - logger_setup - INFO - Application started
2025-04-20 09:38:17,314 - logger_setup - INFO - Application ended
2025-04-20 09:42:40,487 - logger_setup - INFO - Application started
2025-04-20 09:42:40,488 - logger_setup - INFO - Application ended
2025-04-20 09:42:44,949 - logger_setup - INFO - Application started
2025-04-20 09:42:44,949 - logger_setup - INFO - Application ended
2025-04-20 09:49:56,802 - logger_setup - INFO - Application started
2025-04-20 09:49:56,802 - logger_setup - INFO - Application ended
2025-04-20 09:50:10,688 - logger_setup - INFO - Application started
2025-04-20 09:50:10,688 - logger_setup - INFO - Application ended
2025-04-20 09:50:25,559 - logger_setup - INFO - Application started
2025-04-20 09:50:25,560 - logger_setup - INFO - Application ended
2025-04-20 09:50:29,151 - logger_setup - INFO - Application started
2025-04-20 09:50:29,152 - logger_setup - INFO - Application ended
2025-04-20 09:51:04,550 - logger_setup - INFO - Application started
2025-04-20 09:51:04,550 - logger_setup - INFO - Application ended
2025-04-20 09:51:05,433 - logger_setup - INFO - Application started
2025-04-20 09:51:05,434 - logger_setup - INFO - Application ended
2025-04-20 09:52:53,725 - logger_setup - INFO - Application started
2025-04-20 09:52:53,725 - logger_setup - INFO - Application ended
2025-04-20 09:52:54,600 - logger_setup - INFO - Application started
2025-04-20 09:52:54,600 - logger_setup - INFO - Application ended
2025-04-20 09:53:05,041 - logger_setup - INFO - Application started
2025-04-20 09:53:05,042 - logger_setup - INFO - Application ended
2025-04-20 09:53:05,134 - logger_setup - INFO - Application started
2025-04-20 09:53:05,134 - logger_setup - INFO - Application ended
2025-04-20 09:53:08,332 - logger_setup - INFO - Application started
2025-04-20 09:53:08,332 - logger_setup - INFO - Application ended
2025-04-20 09:53:56,541 - logger_setup - INFO - Application started
2025-04-20 09:53:56,541 - logger_setup - INFO - Application ended
2025-04-20 09:54:05,375 - logger_setup - INFO - Application started
2025-04-20 09:54:05,375 - logger_setup - INFO - Application ended
2025-04-20 09:54:06,782 - logger_setup - INFO - Application started
2025-04-20 09:54:06,782 - logger_setup - INFO - Application ended
2025-04-20 09:54:24,958 - logger_setup - INFO - Application started
2025-04-20 09:54:24,958 - logger_setup - INFO - Application ended
2025-04-20 09:54:35,334 - logger_setup - INFO - Application started
2025-04-20 09:54:35,334 - logger_setup - INFO - Application ended
2025-04-20 09:54:37,162 - logger_setup - INFO - Application started
2025-04-20 09:54:37,162 - logger_setup - INFO - Application ended
2025-04-20 09:54:38,406 - logger_setup - INFO - Application started
2025-04-20 09:54:38,406 - logger_setup - INFO - Application ended
2025-04-20 09:57:01,429 - logger_setup - INFO - Application started
2025-04-20 09:57:01,430 - logger_setup - INFO - Application ended
2025-04-20 09:57:02,002 - logger_setup - INFO - Application started
2025-04-20 09:57:02,002 - logger_setup - INFO - Application ended
2025-04-20 09:57:02,415 - logger_setup - INFO - Application started
2025-04-20 09:57:02,415 - logger_setup - INFO - Application ended
2025-04-20 12:53:56,125 - logger_setup - INFO - Application started
2025-04-20 12:53:56,125 - logger_setup - INFO - Application ended
2025-04-20 12:53:57,059 - logger_setup - INFO - Application started
2025-04-20 12:53:57,059 - logger_setup - INFO - Application ended
2025-04-20 12:56:14,112 - logger_setup - INFO - Application started
2025-04-20 12:56:14,113 - logger_setup - INFO - Application ended
2025-04-20 12:58:24,982 - logger_setup - INFO - Application started
2025-04-20 12:58:24,983 - logger_setup - INFO - Application ended
2025-04-20 12:59:52,418 - logger_setup - INFO - Application started
2025-04-20 12:59:52,419 - logger_setup - INFO - Application ended
2025-04-20 12:59:53,263 - logger_setup - INFO - Application started
2025-04-20 12:59:53,263 - logger_setup - INFO - Application ended
2025-04-20 13:00:16,107 - logger_setup - INFO - User logged in: m
2025-04-20 13:02:40,485 - logger_setup - INFO - Application started
2025-04-20 13:02:40,486 - logger_setup - INFO - Application ended
2025-04-20 13:03:30,468 - logger_setup - INFO - Application started
2025-04-20 13:03:30,469 - logger_setup - INFO - Application ended
2025-04-20 13:04:14,182 - logger_setup - INFO - Application started
2025-04-20 13:04:14,183 - logger_setup - INFO - Application ended
2025-04-20 13:09:10,533 - logger_setup - INFO - Application started
2025-04-20 13:09:10,533 - logger_setup - INFO - Application ended
2025-04-20 13:09:11,466 - logger_setup - INFO - Application started
2025-04-20 13:09:11,466 - logger_setup - INFO - Application ended
2025-04-20 13:10:46,211 - logger_setup - INFO - Application started
2025-04-20 13:10:46,211 - logger_setup - INFO - Application ended
2025-04-20 13:10:49,476 - logger_setup - INFO - Application started
2025-04-20 13:10:49,476 - logger_setup - INFO - Application ended
2025-04-20 13:11:27,967 - logger_setup - INFO - Application started
2025-04-20 13:11:27,967 - logger_setup - INFO - Application ended
2025-04-20 13:11:28,769 - logger_setup - INFO - Application started
2025-04-20 13:11:28,769 - logger_setup - INFO - Application ended
2025-04-20 13:11:37,955 - logger_setup - INFO - Application started
2025-04-20 13:11:37,956 - logger_setup - INFO - Application ended
2025-04-20 13:11:39,287 - logger_setup - INFO - Application started
2025-04-20 13:11:39,287 - logger_setup - INFO - Application ended
2025-04-20 13:11:52,072 - logger_setup - INFO - User logged in: m
2025-04-20 13:15:19,263 - logger_setup - INFO - Application started
2025-04-20 13:15:19,264 - logger_setup - INFO - Application ended
2025-04-20 13:15:19,487 - logger_setup - INFO - Application started
2025-04-20 13:15:19,487 - logger_setup - INFO - Application ended
2025-04-20 13:15:19,493 - logger_setup - INFO - Application started
2025-04-20 13:15:19,494 - logger_setup - INFO - Application ended
2025-04-20 13:15:28,974 - logger_setup - INFO - Application started
2025-04-20 13:15:28,975 - logger_setup - INFO - Application ended
2025-04-20 13:15:28,984 - logger_setup - INFO - Application started
2025-04-20 13:15:28,986 - logger_setup - INFO - Application ended
2025-04-20 13:15:30,008 - logger_setup - INFO - Application started
2025-04-20 13:15:30,009 - logger_setup - INFO - Application ended
2025-04-20 13:15:35,771 - logger_setup - INFO - Application started
2025-04-20 13:15:35,771 - logger_setup - INFO - Application ended
2025-04-20 13:15:35,772 - logger_setup - INFO - Application started
2025-04-20 13:15:35,772 - logger_setup - INFO - Application ended
2025-04-20 13:15:35,797 - logger_setup - INFO - Application started
2025-04-20 13:15:35,798 - logger_setup - INFO - Application ended
2025-04-20 13:15:56,220 - logger_setup - INFO - Application started
2025-04-20 13:15:56,220 - logger_setup - INFO - Application ended
2025-04-20 13:15:56,255 - logger_setup - INFO - Application started
2025-04-20 13:15:56,256 - logger_setup - INFO - Application ended
2025-04-20 13:15:56,279 - logger_setup - INFO - Application started
2025-04-20 13:15:56,280 - logger_setup - INFO - Application ended
2025-04-20 13:16:08,167 - logger_setup - INFO - Application started
2025-04-20 13:16:08,167 - logger_setup - INFO - Application ended
2025-04-20 13:16:08,182 - logger_setup - INFO - Application started
2025-04-20 13:16:08,182 - logger_setup - INFO - Application ended
2025-04-20 13:16:08,209 - logger_setup - INFO - Application started
2025-04-20 13:16:08,209 - logger_setup - INFO - Application ended
2025-04-20 13:16:21,560 - logger_setup - INFO - Application started
2025-04-20 13:16:21,560 - logger_setup - INFO - Application ended
2025-04-20 13:16:21,576 - logger_setup - INFO - Application started
2025-04-20 13:16:21,576 - logger_setup - INFO - Application ended
2025-04-20 13:16:21,593 - logger_setup - INFO - Application started
2025-04-20 13:16:21,594 - logger_setup - INFO - Application ended
2025-04-20 13:17:13,249 - logger_setup - INFO - Application started
2025-04-20 13:17:13,249 - logger_setup - INFO - Application ended
2025-04-20 13:17:14,094 - logger_setup - INFO - Application started
2025-04-20 13:17:14,095 - logger_setup - INFO - Application ended
2025-04-20 13:17:27,657 - logger_setup - INFO - User logged in: m
2025-04-20 13:21:32,745 - logger_setup - INFO - Application started
2025-04-20 13:21:32,745 - logger_setup - INFO - Application ended
2025-04-20 13:21:40,403 - logger_setup - INFO - Application started
2025-04-20 13:21:40,404 - logger_setup - INFO - Application ended
2025-04-20 13:22:05,330 - logger_setup - INFO - User logged in: m
2025-04-20 13:22:24,805 - logger_setup - INFO - Product updated: Asus-Zenfone-11-Ultra-Review-plusf
2025-04-20 13:24:26,293 - logger_setup - INFO - Application started
2025-04-20 13:24:26,293 - logger_setup - INFO - Application ended
2025-04-20 13:25:44,198 - logger_setup - INFO - Application started
2025-04-20 13:25:44,198 - logger_setup - INFO - Application ended
2025-04-20 13:25:45,224 - logger_setup - INFO - Application started
2025-04-20 13:25:45,224 - logger_setup - INFO - Application ended
2025-04-20 13:25:51,793 - logger_setup - INFO - Product updated: Asus-Zenfone-11-Ultra-Review-plusf
2025-04-20 13:26:12,681 - logger_setup - INFO - Product updated: Asus-Zenfone-11-Ultra-Review-plusf
2025-04-20 13:28:56,986 - logger_setup - INFO - Application started
2025-04-20 13:28:56,987 - logger_setup - INFO - Application ended
2025-04-20 13:29:26,238 - logger_setup - INFO - Application started
2025-04-20 13:29:26,238 - logger_setup - INFO - Application ended
2025-04-20 13:29:29,444 - logger_setup - INFO - Application started
2025-04-20 13:29:29,444 - logger_setup - INFO - Application ended
2025-04-20 13:29:54,383 - logger_setup - INFO - User logged in: m
2025-04-20 13:30:30,702 - logger_setup - INFO - Product updated: Asus-Zenfone-11-Ultra-Review-plus
2025-04-20 13:30:55,672 - logger_setup - INFO - Product updated: Asus-Zenfone-11-Ultra-Review-plus
2025-04-20 13:37:27,872 - logger_setup - INFO - Application started
2025-04-20 13:37:27,872 - logger_setup - INFO - Application ended
2025-04-20 13:37:29,002 - logger_setup - INFO - Application started
2025-04-20 13:37:29,003 - logger_setup - INFO - Application ended
2025-04-20 13:37:41,752 - logger_setup - INFO - User logged in: m
2025-04-20 13:42:05,557 - logger_setup - INFO - Application started
2025-04-20 13:42:05,557 - logger_setup - INFO - Application ended
2025-04-20 13:42:15,617 - logger_setup - INFO - Application started
2025-04-20 13:42:15,618 - logger_setup - INFO - Application ended
2025-04-20 13:42:16,567 - logger_setup - INFO - Application started
2025-04-20 13:42:16,567 - logger_setup - INFO - Application ended
2025-04-20 13:42:28,901 - logger_setup - INFO - User logged in: m
2025-04-20 13:42:36,717 - logger_setup - INFO - User logged in: m
2025-04-20 13:42:44,867 - logger_setup - INFO - User logged in: m
2025-04-20 13:42:56,033 - logger_setup - INFO - User logged in: mm
2025-04-20 13:43:36,204 - logger_setup - INFO - Application started
2025-04-20 13:43:36,204 - logger_setup - INFO - Application ended
2025-04-20 13:43:36,583 - logger_setup - INFO - Application started
2025-04-20 13:43:36,584 - logger_setup - INFO - Application ended
2025-04-20 13:43:38,764 - logger_setup - INFO - Application started
2025-04-20 13:43:38,764 - logger_setup - INFO - Application ended
2025-04-20 13:43:39,286 - logger_setup - INFO - Application started
2025-04-20 13:43:39,286 - logger_setup - INFO - Application ended
2025-04-20 13:43:40,865 - logger_setup - INFO - Application started
2025-04-20 13:43:40,865 - logger_setup - INFO - Application ended
2025-04-20 13:43:42,839 - logger_setup - INFO - Application started
2025-04-20 13:43:42,840 - logger_setup - INFO - Application ended
2025-04-20 13:43:43,376 - logger_setup - INFO - Application started
2025-04-20 13:43:43,376 - logger_setup - INFO - Application ended
2025-04-20 13:44:05,929 - logger_setup - INFO - Application started
2025-04-20 13:44:05,932 - logger_setup - INFO - Application ended
2025-04-20 13:44:06,316 - logger_setup - INFO - Application started
2025-04-20 13:44:06,316 - logger_setup - INFO - Application ended
2025-04-20 13:44:18,664 - logger_setup - INFO - User logged in: m
2025-04-20 13:44:25,816 - logger_setup - INFO - User logged in: m
2025-04-20 13:44:46,243 - logger_setup - INFO - Application started
2025-04-20 13:44:46,243 - logger_setup - INFO - Application ended
2025-04-20 13:44:47,209 - logger_setup - INFO - Application started
2025-04-20 13:44:47,209 - logger_setup - INFO - Application ended
2025-04-20 13:45:01,656 - logger_setup - INFO - User logged in: m
2025-04-20 13:45:20,493 - logger_setup - INFO - Application started
2025-04-20 13:45:20,493 - logger_setup - INFO - Application ended
2025-04-20 13:45:21,434 - logger_setup - INFO - Application started
2025-04-20 13:45:21,434 - logger_setup - INFO - Application ended
2025-04-20 13:47:01,333 - logger_setup - INFO - Application started
2025-04-20 13:47:01,333 - logger_setup - INFO - Application ended
2025-04-20 13:47:02,485 - logger_setup - INFO - Application started
2025-04-20 13:47:02,486 - logger_setup - INFO - Application ended
2025-04-20 13:47:46,151 - logger_setup - INFO - Application started
2025-04-20 13:47:46,151 - logger_setup - INFO - Application ended
2025-04-20 13:47:51,397 - logger_setup - INFO - User logged in: m
2025-04-20 13:48:01,908 - logger_setup - INFO - Application started
2025-04-20 13:48:01,908 - logger_setup - INFO - Application ended
2025-04-20 13:48:07,184 - logger_setup - INFO - Application started
2025-04-20 13:48:07,184 - logger_setup - INFO - Application ended
2025-04-20 13:51:09,711 - logger_setup - INFO - Application started
2025-04-20 13:51:09,712 - logger_setup - INFO - Application ended
2025-04-20 13:51:10,559 - logger_setup - INFO - Application started
2025-04-20 13:51:10,559 - logger_setup - INFO - Application ended
2025-04-20 13:51:22,607 - logger_setup - INFO - User logged in: m
2025-04-20 13:52:35,683 - logger_setup - INFO - Application started
2025-04-20 13:52:35,683 - logger_setup - INFO - Application ended
2025-04-20 13:53:00,427 - logger_setup - INFO - Application started
2025-04-20 13:53:00,428 - logger_setup - INFO - Application ended
2025-04-20 13:53:01,557 - logger_setup - INFO - Application started
2025-04-20 13:53:01,557 - logger_setup - INFO - Application ended
2025-04-20 13:53:13,768 - logger_setup - INFO - User logged in: m
2025-04-20 13:59:53,981 - logger_setup - INFO - Application started
2025-04-20 13:59:53,981 - logger_setup - INFO - Application ended
2025-04-20 13:59:53,985 - logger_setup - INFO - Application started
2025-04-20 13:59:53,985 - logger_setup - INFO - Application ended
2025-04-20 13:59:56,125 - logger_setup - INFO - Application started
2025-04-20 13:59:56,125 - logger_setup - INFO - Application ended
2025-04-20 13:59:56,131 - logger_setup - INFO - Application started
2025-04-20 13:59:56,131 - logger_setup - INFO - Application ended
2025-04-20 14:00:50,316 - logger_setup - INFO - Application started
2025-04-20 14:00:50,316 - logger_setup - INFO - Application ended
2025-04-20 14:00:50,318 - logger_setup - INFO - Application started
2025-04-20 14:00:50,318 - logger_setup - INFO - Application ended
2025-04-20 14:00:58,649 - logger_setup - INFO - Application started
2025-04-20 14:00:58,650 - logger_setup - INFO - Application ended
2025-04-20 14:00:58,650 - logger_setup - INFO - Application started
2025-04-20 14:00:58,650 - logger_setup - INFO - Application ended
2025-04-20 14:01:11,160 - logger_setup - INFO - Application started
2025-04-20 14:01:11,160 - logger_setup - INFO - Application ended
2025-04-20 14:01:12,237 - logger_setup - INFO - Application started
2025-04-20 14:01:12,237 - logger_setup - INFO - Application ended
2025-04-20 14:02:14,666 - logger_setup - INFO - Application started
2025-04-20 14:02:14,667 - logger_setup - INFO - Application ended
2025-04-20 14:02:15,600 - logger_setup - INFO - Application started
2025-04-20 14:02:15,601 - logger_setup - INFO - Application ended
2025-04-20 14:04:09,772 - logger_setup - INFO - Application started
2025-04-20 14:04:09,773 - logger_setup - INFO - Application ended
2025-04-20 14:04:12,077 - logger_setup - INFO - Application started
2025-04-20 14:04:12,081 - logger_setup - INFO - Application ended
2025-04-20 14:07:23,223 - logger_setup - INFO - Application started
2025-04-20 14:07:23,223 - logger_setup - INFO - Application ended
2025-04-20 14:07:24,145 - logger_setup - INFO - Application started
2025-04-20 14:07:24,145 - logger_setup - INFO - Application ended
2025-04-20 14:09:06,981 - logger_setup - INFO - Application started
2025-04-20 14:09:06,981 - logger_setup - INFO - Application ended
2025-04-20 14:09:08,133 - logger_setup - INFO - Application started
2025-04-20 14:09:08,133 - logger_setup - INFO - Application ended
2025-04-20 14:09:48,765 - logger_setup - INFO - Application started
2025-04-20 14:09:48,765 - logger_setup - INFO - Application ended
2025-04-20 14:09:51,789 - logger_setup - INFO - Application started
2025-04-20 14:09:51,789 - logger_setup - INFO - Application ended
2025-04-20 14:11:40,554 - logger_setup - INFO - Application started
2025-04-20 14:11:40,554 - logger_setup - INFO - Application ended
2025-04-20 14:11:41,425 - logger_setup - INFO - Application started
2025-04-20 14:11:41,426 - logger_setup - INFO - Application ended
2025-04-20 14:13:37,465 - logger_setup - INFO - Application started
2025-04-20 14:13:37,465 - logger_setup - INFO - Application ended
2025-04-20 14:13:39,424 - logger_setup - INFO - Application started
2025-04-20 14:13:39,424 - logger_setup - INFO - Application ended
2025-04-20 14:13:46,095 - logger_setup - INFO - Application started
2025-04-20 14:13:46,095 - logger_setup - INFO - Application ended
2025-04-20 14:13:54,017 - logger_setup - INFO - Application started
2025-04-20 14:13:54,017 - logger_setup - INFO - Application ended
2025-04-20 14:13:55,180 - logger_setup - INFO - Application started
2025-04-20 14:13:55,180 - logger_setup - INFO - Application ended
2025-04-20 14:16:14,170 - logger_setup - INFO - Application started
2025-04-20 14:16:14,170 - logger_setup - INFO - Application ended
2025-04-20 14:16:14,947 - logger_setup - INFO - Application started
2025-04-20 14:16:14,947 - logger_setup - INFO - Application ended
2025-04-20 14:16:57,923 - logger_setup - INFO - Application started
2025-04-20 14:16:57,923 - logger_setup - INFO - Application ended
2025-04-20 14:16:58,306 - logger_setup - INFO - Application started
2025-04-20 14:16:58,307 - logger_setup - INFO - Application ended
2025-04-20 14:16:58,457 - logger_setup - INFO - Application started
2025-04-20 14:16:58,457 - logger_setup - INFO - Application ended
2025-04-20 14:17:00,417 - logger_setup - INFO - Application started
2025-04-20 14:17:00,418 - logger_setup - INFO - Application ended
2025-04-20 14:17:00,483 - logger_setup - INFO - Application started
2025-04-20 14:17:00,483 - logger_setup - INFO - Application ended
2025-04-20 14:17:01,026 - logger_setup - INFO - Application started
2025-04-20 14:17:01,026 - logger_setup - INFO - Application ended
2025-04-20 14:17:02,710 - logger_setup - INFO - Application started
2025-04-20 14:17:02,711 - logger_setup - INFO - Application ended
2025-04-20 14:17:02,728 - logger_setup - INFO - Application started
2025-04-20 14:17:02,728 - logger_setup - INFO - Application ended
2025-04-20 14:17:03,199 - logger_setup - INFO - Application started
2025-04-20 14:17:03,199 - logger_setup - INFO - Application ended
2025-04-20 14:21:05,605 - logger_setup - INFO - Application started
2025-04-20 14:21:05,605 - logger_setup - INFO - Application ended
2025-04-20 14:21:06,443 - logger_setup - INFO - Application started
2025-04-20 14:21:06,443 - logger_setup - INFO - Application ended
2025-04-20 14:21:42,948 - logger_setup - INFO - Application started
2025-04-20 14:21:42,948 - logger_setup - INFO - Application ended
2025-04-20 14:22:35,777 - logger_setup - INFO - Application started
2025-04-20 14:22:35,777 - logger_setup - INFO - Application ended
2025-04-20 14:23:34,710 - logger_setup - INFO - Application started
2025-04-20 14:23:34,710 - logger_setup - INFO - Application ended
2025-04-20 14:23:35,457 - logger_setup - INFO - Application started
2025-04-20 14:23:35,457 - logger_setup - INFO - Application ended
2025-04-20 14:28:07,268 - logger_setup - INFO - Application started
2025-04-20 14:28:07,268 - logger_setup - INFO - Application ended
2025-04-20 14:28:18,652 - logger_setup - INFO - Application started
2025-04-20 14:28:18,653 - logger_setup - INFO - Application ended
2025-04-20 14:28:19,391 - logger_setup - INFO - Application started
2025-04-20 14:28:19,391 - logger_setup - INFO - Application ended
2025-04-20 14:29:56,784 - logger_setup - INFO - Application started
2025-04-20 14:29:56,784 - logger_setup - INFO - Application ended
2025-04-20 14:29:57,572 - logger_setup - INFO - Application started
2025-04-20 14:29:57,572 - logger_setup - INFO - Application ended
2025-04-20 14:31:15,906 - logger_setup - INFO - Application started
2025-04-20 14:31:15,907 - logger_setup - INFO - Application ended
2025-04-20 14:31:16,833 - logger_setup - INFO - Application started
2025-04-20 14:31:16,834 - logger_setup - INFO - Application ended
2025-04-20 14:32:50,666 - logger_setup - INFO - Application started
2025-04-20 14:32:50,666 - logger_setup - INFO - Application ended
2025-04-20 14:32:51,457 - logger_setup - INFO - Application started
2025-04-20 14:32:51,458 - logger_setup - INFO - Application ended
2025-04-20 14:34:18,046 - logger_setup - INFO - Application started
2025-04-20 14:34:18,046 - logger_setup - INFO - Application ended
2025-04-20 14:35:19,512 - logger_setup - INFO - Application started
2025-04-20 14:35:19,512 - logger_setup - INFO - Application ended
2025-04-20 14:35:20,355 - logger_setup - INFO - Application started
2025-04-20 14:35:20,355 - logger_setup - INFO - Application ended
2025-04-20 14:35:40,008 - logger_setup - INFO - Application started
2025-04-20 14:35:40,008 - logger_setup - INFO - Application ended
2025-04-20 14:35:42,137 - logger_setup - INFO - Application started
2025-04-20 14:35:42,137 - logger_setup - INFO - Application ended
2025-04-20 14:36:55,495 - logger_setup - INFO - Application started
2025-04-20 14:36:55,495 - logger_setup - INFO - Application ended
2025-04-20 14:36:56,323 - logger_setup - INFO - Application started
2025-04-20 14:36:56,323 - logger_setup - INFO - Application ended
2025-04-20 14:37:35,026 - logger_setup - INFO - Application started
2025-04-20 14:37:35,026 - logger_setup - INFO - Application ended
2025-04-20 14:37:35,842 - logger_setup - INFO - Application started
2025-04-20 14:37:35,842 - logger_setup - INFO - Application ended
2025-04-20 14:41:35,949 - logger_setup - INFO - Application started
2025-04-20 14:41:35,950 - logger_setup - INFO - Application ended
2025-04-20 14:41:36,762 - logger_setup - INFO - Application started
2025-04-20 14:41:36,762 - logger_setup - INFO - Application ended
2025-04-20 14:44:16,403 - logger_setup - INFO - Application started
2025-04-20 14:44:16,403 - logger_setup - INFO - Application ended
2025-04-20 14:45:25,951 - logger_setup - INFO - Application started
2025-04-20 14:45:25,951 - logger_setup - INFO - Application ended
2025-04-20 14:48:23,883 - logger_setup - INFO - Application started
2025-04-20 14:48:23,883 - logger_setup - INFO - Application ended
2025-04-20 14:48:24,815 - logger_setup - INFO - Application started
2025-04-20 14:48:24,815 - logger_setup - INFO - Application ended
2025-04-20 14:49:43,928 - logger_setup - INFO - Application started
2025-04-20 14:49:43,929 - logger_setup - INFO - Application ended
2025-04-20 14:51:25,749 - logger_setup - INFO - Application started
2025-04-20 14:51:25,749 - logger_setup - INFO - Application ended
2025-04-20 14:51:26,699 - logger_setup - INFO - Application started
2025-04-20 14:51:26,699 - logger_setup - INFO - Application ended
2025-04-20 14:53:18,100 - logger_setup - INFO - Application started
2025-04-20 14:53:18,101 - logger_setup - INFO - Application ended
2025-04-20 14:53:59,399 - logger_setup - INFO - Application started
2025-04-20 14:53:59,399 - logger_setup - INFO - Application ended
2025-04-20 14:54:18,985 - logger_setup - INFO - Application started
2025-04-20 14:54:18,985 - logger_setup - INFO - Application ended
2025-04-20 14:54:41,946 - logger_setup - INFO - Application started
2025-04-20 14:54:41,946 - logger_setup - INFO - Application ended
2025-04-20 14:54:59,915 - logger_setup - INFO - Application started
2025-04-20 14:54:59,915 - logger_setup - INFO - Application ended
2025-04-20 14:55:59,247 - logger_setup - INFO - Application started
2025-04-20 14:55:59,247 - logger_setup - INFO - Application ended
2025-04-20 14:56:14,453 - logger_setup - INFO - Application started
2025-04-20 14:56:14,454 - logger_setup - INFO - Application ended
2025-04-20 14:56:15,230 - logger_setup - INFO - Application started
2025-04-20 14:56:15,230 - logger_setup - INFO - Application ended
2025-04-20 14:56:29,117 - logger_setup - INFO - User logged in: m
2025-04-20 14:59:25,877 - logger_setup - INFO - Application started
2025-04-20 14:59:25,878 - logger_setup - INFO - Application ended
2025-04-20 14:59:37,653 - logger_setup - INFO - User  logged in: m
2025-04-20 15:00:38,566 - logger_setup - INFO - Application started
2025-04-20 15:00:38,566 - logger_setup - INFO - Application ended
2025-04-20 15:00:41,707 - logger_setup - INFO - Application started
2025-04-20 15:00:41,708 - logger_setup - INFO - Application ended
2025-04-20 15:00:44,902 - logger_setup - INFO - Application started
2025-04-20 15:00:44,902 - logger_setup - INFO - Application ended
2025-04-20 15:00:48,990 - logger_setup - INFO - Application started
2025-04-20 15:00:48,990 - logger_setup - INFO - Application ended
2025-04-20 15:00:52,943 - logger_setup - INFO - Application started
2025-04-20 15:00:52,943 - logger_setup - INFO - Application ended
2025-04-20 15:01:03,465 - logger_setup - INFO - User  logged in: m
2025-04-20 15:01:26,061 - logger_setup - INFO - Application started
2025-04-20 15:01:26,061 - logger_setup - INFO - Application ended
2025-04-20 15:01:26,902 - logger_setup - INFO - Application started
2025-04-20 15:01:26,903 - logger_setup - INFO - Application ended
2025-04-20 15:01:41,250 - logger_setup - INFO - User  logged in: m
2025-04-20 15:02:32,385 - logger_setup - INFO - Application started
2025-04-20 15:02:32,385 - logger_setup - INFO - Application ended
2025-04-20 15:02:32,737 - logger_setup - INFO - Application started
2025-04-20 15:02:32,737 - logger_setup - INFO - Application ended
2025-04-20 15:03:07,072 - logger_setup - INFO - Application started
2025-04-20 15:03:07,072 - logger_setup - INFO - Application ended
2025-04-20 15:03:07,938 - logger_setup - INFO - Application started
2025-04-20 15:03:07,938 - logger_setup - INFO - Application ended
2025-04-20 15:03:19,854 - logger_setup - INFO - User  logged in: m
2025-04-20 15:05:00,978 - logger_setup - INFO - Application started
2025-04-20 15:05:00,978 - logger_setup - INFO - Application ended
2025-04-20 15:05:18,495 - logger_setup - INFO - User  logged in: m
2025-04-20 15:05:23,089 - logger_setup - INFO - User  logged in: m
2025-04-20 15:05:45,094 - logger_setup - INFO - Application started
2025-04-20 15:05:45,095 - logger_setup - INFO - Application ended
2025-04-20 15:06:08,117 - logger_setup - INFO - User  logged in: m
2025-04-20 15:07:24,898 - logger_setup - INFO - Application started
2025-04-20 15:07:24,898 - logger_setup - INFO - Application ended
2025-04-20 15:13:19,465 - logger_setup - INFO - Application started
2025-04-20 15:13:19,465 - logger_setup - INFO - Application ended
2025-04-20 15:13:20,267 - logger_setup - INFO - Application started
2025-04-20 15:13:20,267 - logger_setup - INFO - Application ended
2025-04-20 15:13:30,466 - logger_setup - INFO - User  logged in: m
2025-04-20 15:13:45,757 - logger_setup - INFO - Application started
2025-04-20 15:13:45,757 - logger_setup - INFO - Application ended
2025-04-20 15:13:46,119 - logger_setup - INFO - Application started
2025-04-20 15:13:46,119 - logger_setup - INFO - Application ended
2025-04-20 15:13:47,827 - logger_setup - INFO - Application started
2025-04-20 15:13:47,828 - logger_setup - INFO - Application ended
2025-04-20 15:13:53,066 - logger_setup - INFO - Application started
2025-04-20 15:13:53,067 - logger_setup - INFO - Application ended
2025-04-20 15:13:53,256 - logger_setup - INFO - Application started
2025-04-20 15:13:53,256 - logger_setup - INFO - Application ended
2025-04-20 15:13:59,285 - logger_setup - INFO - Application started
2025-04-20 15:13:59,285 - logger_setup - INFO - Application ended
2025-04-20 15:13:59,345 - logger_setup - INFO - Application started
2025-04-20 15:13:59,346 - logger_setup - INFO - Application ended
2025-04-20 15:14:20,585 - logger_setup - INFO - Application started
2025-04-20 15:14:20,586 - logger_setup - INFO - Application ended
2025-04-20 15:14:21,371 - logger_setup - INFO - Application started
2025-04-20 15:14:21,371 - logger_setup - INFO - Application ended
2025-04-20 15:14:35,710 - logger_setup - INFO - User logged in: m
2025-04-20 15:18:41,854 - logger_setup - INFO - Application started
2025-04-20 15:18:41,855 - logger_setup - INFO - Application ended
2025-04-20 15:21:48,330 - logger_setup - INFO - Application started
2025-04-20 15:21:48,330 - logger_setup - INFO - Application ended
2025-04-20 15:23:03,972 - logger_setup - INFO - Application started
2025-04-20 15:23:03,972 - logger_setup - INFO - Application ended
2025-04-20 15:23:04,816 - logger_setup - INFO - Application started
2025-04-20 15:23:04,816 - logger_setup - INFO - Application ended
2025-04-20 19:49:50,069 - logger_setup - INFO - Application started
2025-04-20 19:49:50,070 - logger_setup - INFO - Application ended
2025-04-20 19:49:51,190 - logger_setup - INFO - Application started
2025-04-20 19:49:51,191 - logger_setup - INFO - Application ended
2025-04-20 19:54:21,139 - logger_setup - INFO - Application started
2025-04-20 19:54:21,139 - logger_setup - INFO - Application ended
2025-04-20 19:54:29,344 - logger_setup - INFO - Application started
2025-04-20 19:54:29,344 - logger_setup - INFO - Application ended
2025-04-20 19:54:46,953 - logger_setup - INFO - Application started
2025-04-20 19:54:46,953 - logger_setup - INFO - Application ended
2025-04-20 19:54:49,740 - logger_setup - INFO - Application started
2025-04-20 19:54:49,741 - logger_setup - INFO - Application ended
2025-04-20 19:54:52,623 - logger_setup - INFO - Application started
2025-04-20 19:54:52,623 - logger_setup - INFO - Application ended
2025-04-20 19:56:07,366 - logger_setup - INFO - Application started
2025-04-20 19:56:07,366 - logger_setup - INFO - Application ended
2025-04-20 20:02:10,015 - logger_setup - INFO - Application started
2025-04-20 20:02:10,015 - logger_setup - INFO - Application ended
2025-04-20 20:02:10,841 - logger_setup - INFO - Application started
2025-04-20 20:02:10,841 - logger_setup - INFO - Application ended
2025-04-20 20:02:25,258 - logger_setup - INFO - User logged in: m
2025-04-20 20:02:45,532 - logger_setup - INFO - Application started
2025-04-20 20:02:45,533 - logger_setup - INFO - Application ended
2025-04-20 20:02:57,404 - logger_setup - INFO - Application started
2025-04-20 20:02:57,405 - logger_setup - INFO - Application ended
2025-04-20 20:09:37,205 - logger_setup - INFO - Application started
2025-04-20 20:09:37,206 - logger_setup - INFO - Application ended
2025-04-20 20:09:42,166 - logger_setup - INFO - Application started
2025-04-20 20:09:42,166 - logger_setup - INFO - Application ended
2025-04-20 20:09:44,225 - logger_setup - INFO - Application started
2025-04-20 20:09:44,225 - logger_setup - INFO - Application ended
2025-04-20 20:11:18,831 - logger_setup - INFO - Application started
2025-04-20 20:11:18,831 - logger_setup - INFO - Application ended
2025-04-20 20:11:42,830 - logger_setup - INFO - Application started
2025-04-20 20:11:42,830 - logger_setup - INFO - Application ended
2025-04-20 20:14:51,890 - logger_setup - INFO - Application started
2025-04-20 20:14:51,890 - logger_setup - INFO - Application ended
2025-04-20 20:49:29,723 - logger_setup - INFO - Application started
2025-04-20 20:49:29,723 - logger_setup - INFO - Application ended
2025-04-20 20:49:30,873 - logger_setup - INFO - Application started
2025-04-20 20:49:30,873 - logger_setup - INFO - Application ended
2025-04-20 20:50:19,524 - logger_setup - INFO - User logged in: m
2025-04-20 20:51:47,777 - logger_setup - INFO - Application started
2025-04-20 20:51:47,777 - logger_setup - INFO - Application ended
2025-04-20 20:52:36,934 - logger_setup - INFO - Application started
2025-04-20 20:52:36,935 - logger_setup - INFO - Application ended
2025-04-20 20:52:46,959 - logger_setup - INFO - User logged in: m
2025-04-20 20:57:05,175 - logger_setup - INFO - Application started
2025-04-20 20:57:05,175 - logger_setup - INFO - Application ended
2025-04-20 20:58:28,235 - logger_setup - INFO - Application started
2025-04-20 20:58:28,235 - logger_setup - INFO - Application ended
2025-04-20 20:58:29,077 - logger_setup - INFO - Application started
2025-04-20 20:58:29,077 - logger_setup - INFO - Application ended
2025-04-20 20:58:41,501 - logger_setup - INFO - User logged in: m
2025-04-20 20:59:13,089 - logger_setup - INFO - Application started
2025-04-20 20:59:13,090 - logger_setup - INFO - Application ended
2025-04-20 21:00:09,578 - logger_setup - INFO - Application started
2025-04-20 21:00:09,578 - logger_setup - INFO - Application ended
2025-04-20 21:00:52,525 - logger_setup - INFO - Application started
2025-04-20 21:00:52,526 - logger_setup - INFO - Application ended
2025-04-20 21:00:53,433 - logger_setup - INFO - Application started
2025-04-20 21:00:53,433 - logger_setup - INFO - Application ended
2025-04-20 21:01:03,900 - logger_setup - INFO - User logged in: m
2025-04-20 21:01:24,577 - logger_setup - INFO - Application started
2025-04-20 21:01:24,577 - logger_setup - INFO - Application ended
2025-04-20 21:01:31,899 - logger_setup - INFO - Application started
2025-04-20 21:01:31,900 - logger_setup - INFO - Application ended
2025-04-20 21:01:47,342 - logger_setup - INFO - User logged in: m
2025-04-20 21:04:10,816 - logger_setup - INFO - User logged in: m
2025-04-20 21:06:03,172 - logger_setup - INFO - Application started
2025-04-20 21:06:03,172 - logger_setup - INFO - Application ended
2025-04-20 21:20:00,899 - logger_setup - INFO - Application started
2025-04-20 21:20:00,900 - logger_setup - INFO - Application ended
2025-04-20 21:20:02,367 - logger_setup - INFO - Application started
2025-04-20 21:20:02,368 - logger_setup - INFO - Application ended
2025-04-20 21:20:27,016 - logger_setup - INFO - User logged in: m
2025-04-20 21:23:33,280 - logger_setup - INFO - Application started
2025-04-20 21:23:33,280 - logger_setup - INFO - Application ended
2025-04-20 21:23:51,432 - logger_setup - INFO - Application started
2025-04-20 21:23:51,433 - logger_setup - INFO - Application ended
2025-04-20 21:23:52,752 - logger_setup - INFO - Application started
2025-04-20 21:23:52,753 - logger_setup - INFO - Application ended
2025-04-20 21:24:13,455 - logger_setup - INFO - User logged in: m
2025-04-20 21:26:34,331 - logger_setup - INFO - Application started
2025-04-20 21:26:34,332 - logger_setup - INFO - Application ended
2025-04-20 21:26:34,862 - logger_setup - INFO - Application started
2025-04-20 21:26:34,863 - logger_setup - INFO - Application ended
2025-04-20 21:27:05,649 - logger_setup - INFO - User logged in: m
2025-04-20 21:27:29,511 - logger_setup - INFO - Application started
2025-04-20 21:27:29,511 - logger_setup - INFO - Application ended
2025-04-20 21:27:29,959 - logger_setup - INFO - Application started
2025-04-20 21:27:29,960 - logger_setup - INFO - Application ended
2025-04-20 21:27:33,331 - logger_setup - INFO - Application started
2025-04-20 21:27:33,331 - logger_setup - INFO - Application ended
2025-04-20 21:27:34,197 - logger_setup - INFO - Application started
2025-04-20 21:27:34,197 - logger_setup - INFO - Application ended
2025-04-20 21:27:57,362 - logger_setup - INFO - User logged in: m
2025-04-20 21:31:02,787 - logger_setup - INFO - Application started
2025-04-20 21:31:02,788 - logger_setup - INFO - Application ended
2025-04-20 21:31:03,385 - logger_setup - INFO - Application started
2025-04-20 21:31:03,385 - logger_setup - INFO - Application ended
2025-04-20 21:31:06,860 - logger_setup - INFO - Application started
2025-04-20 21:31:06,860 - logger_setup - INFO - Application ended
2025-04-20 21:31:07,224 - logger_setup - INFO - Application started
2025-04-20 21:31:07,224 - logger_setup - INFO - Application ended
2025-04-20 21:31:39,810 - logger_setup - INFO - User logged in: m
2025-04-20 21:31:46,784 - logger_setup - INFO - User logged in: m
2025-04-20 21:34:27,301 - logger_setup - INFO - Application started
2025-04-20 21:34:27,301 - logger_setup - INFO - Application ended
2025-04-20 21:34:27,518 - logger_setup - INFO - Application started
2025-04-20 21:34:27,518 - logger_setup - INFO - Application ended
2025-04-20 21:34:29,448 - logger_setup - INFO - Application started
2025-04-20 21:34:29,448 - logger_setup - INFO - Application ended
2025-04-20 21:36:16,450 - logger_setup - INFO - Application started
2025-04-20 21:36:16,451 - logger_setup - INFO - Application ended
2025-04-20 21:36:16,631 - logger_setup - INFO - Application started
2025-04-20 21:36:16,631 - logger_setup - INFO - Application ended
2025-04-20 21:36:25,009 - logger_setup - INFO - Application started
2025-04-20 21:36:25,009 - logger_setup - INFO - Application ended
2025-04-20 21:36:25,868 - logger_setup - INFO - Application started
2025-04-20 21:36:25,868 - logger_setup - INFO - Application ended
2025-04-20 21:36:29,387 - logger_setup - INFO - Application started
2025-04-20 21:36:29,387 - logger_setup - INFO - Application ended
2025-04-20 21:36:30,177 - logger_setup - INFO - Application started
2025-04-20 21:36:30,178 - logger_setup - INFO - Application ended
2025-04-20 21:37:04,482 - logger_setup - INFO - User logged in: m
2025-04-20 21:37:10,729 - logger_setup - INFO - User logged in: m
2025-04-20 21:38:56,907 - logger_setup - INFO - User logged in: m
2025-04-20 21:39:04,466 - logger_setup - INFO - User logged in: m
2025-04-20 21:40:20,245 - logger_setup - INFO - User logged in: m
2025-04-20 21:40:26,160 - logger_setup - INFO - User logged in: m
2025-04-20 21:46:54,271 - logger_setup - INFO - Application started
2025-04-20 21:46:54,271 - logger_setup - INFO - Application ended
2025-04-20 21:47:05,256 - logger_setup - INFO - Application started
2025-04-20 21:47:05,256 - logger_setup - INFO - Application ended
2025-04-20 21:47:06,280 - logger_setup - INFO - Application started
2025-04-20 21:47:06,280 - logger_setup - INFO - Application ended
2025-04-20 21:50:06,783 - logger_setup - INFO - User logged in: m
2025-04-20 21:50:12,525 - logger_setup - INFO - User logged in: m
2025-04-20 21:52:15,235 - logger_setup - INFO - User logged in: m
2025-04-20 21:52:20,709 - logger_setup - INFO - User logged in: m
2025-04-20 21:54:33,880 - logger_setup - INFO - User logged in: m
2025-04-20 21:57:17,558 - logger_setup - INFO - User logged in: m
2025-04-20 22:04:09,509 - logger_setup - INFO - User registered: mansoor
2025-04-20 22:04:32,844 - logger_setup - INFO - User logged in: mansoor
2025-04-20 22:09:30,332 - logger_setup - INFO - Application started
2025-04-20 22:09:30,333 - logger_setup - INFO - Application ended
2025-04-20 22:09:30,338 - logger_setup - INFO - Application started
2025-04-20 22:09:30,338 - logger_setup - INFO - Application ended
2025-04-20 22:19:01,223 - logger_setup - INFO - Application started
2025-04-20 22:19:01,223 - logger_setup - INFO - Application ended
2025-04-20 22:19:01,225 - logger_setup - INFO - Application started
2025-04-20 22:19:01,225 - logger_setup - INFO - Application ended
2025-04-21 10:37:39,552 - logger_setup - INFO - Application started
2025-04-21 10:37:39,552 - logger_setup - INFO - Application ended
2025-04-21 10:37:40,649 - logger_setup - INFO - Application started
2025-04-21 10:37:40,649 - logger_setup - INFO - Application ended
2025-04-21 10:41:16,551 - logger_setup - INFO - User logged in: m
2025-04-21 10:43:10,529 - logger_setup - INFO - User logged in: m
2025-04-21 10:43:16,084 - logger_setup - INFO - User logged in: m
2025-04-21 10:46:09,329 - logger_setup - INFO - Application started
2025-04-21 10:46:09,329 - logger_setup - INFO - Application ended
2025-04-21 10:46:10,320 - logger_setup - INFO - Application started
2025-04-21 10:46:10,320 - logger_setup - INFO - Application ended
2025-05-13 09:29:23,575 - logger_setup - INFO - Application started
2025-05-13 09:29:23,578 - logger_setup - INFO - Application ended
2025-05-13 09:29:29,523 - logger_setup - INFO - Application started
2025-05-13 09:29:29,524 - logger_setup - INFO - Application ended
2025-05-17 12:28:19,988 - logger_setup - INFO - Application started
2025-05-17 12:28:19,989 - logger_setup - INFO - Application ended
2025-05-17 12:28:20,896 - logger_setup - INFO - Application started
2025-05-17 12:28:20,897 - logger_setup - INFO - Application ended
2025-05-17 12:28:39,037 - logger_setup - INFO - User logged in: m
2025-05-24 11:15:54,600 - logger_setup - INFO - Application started
2025-05-24 11:15:54,600 - logger_setup - INFO - Application ended
2025-05-24 11:15:55,674 - logger_setup - INFO - Application started
2025-05-24 11:15:55,674 - logger_setup - INFO - Application ended
2025-05-24 11:31:01,221 - logger_setup - INFO - Application started
2025-05-24 11:31:01,222 - logger_setup - INFO - Application ended
2025-05-24 11:31:22,274 - logger_setup - INFO - Application started
2025-05-24 11:31:22,275 - logger_setup - INFO - Application ended
2025-05-24 11:31:34,910 - logger_setup - INFO - Application started
2025-05-24 11:31:34,910 - logger_setup - INFO - Application ended
2025-05-24 11:35:59,003 - logger_setup - INFO - User logged in: m
2025-05-24 11:37:22,173 - logger_setup - INFO - User logged in: m
2025-05-26 15:14:57,112 - logger_setup - INFO - Application started
2025-05-26 15:14:57,114 - logger_setup - INFO - Application ended
2025-05-26 15:15:02,297 - logger_setup - INFO - Application started
2025-05-26 15:15:02,297 - logger_setup - INFO - Application ended
2025-05-26 15:16:21,856 - logger_setup - INFO - User logged in: m
2025-05-26 15:22:16,987 - logger_setup - INFO - Application started
2025-05-26 15:22:16,987 - logger_setup - INFO - Application ended
2025-07-16 20:22:09,989 - logger_setup - INFO - Application started
2025-07-16 20:22:09,989 - logger_setup - INFO - Application ended
2025-07-16 20:22:10,821 - logger_setup - INFO - Application started
2025-07-16 20:22:10,821 - logger_setup - INFO - Application ended
